<?xml version="1.0" encoding="UTF-8"?>
<testng-results ignored="0" total="2" passed="1" failed="1" skipped="0">
  <reporter-output>
  </reporter-output>
  <suite started-at="2023-01-24T09:16:55 CST" name="Default suite" finished-at="2023-01-24T09:17:05 CST" duration-ms="9908">
    <groups>
    </groups>
    <test started-at="2023-01-24T09:16:55 CST" name="Default test" finished-at="2023-01-24T09:17:05 CST" duration-ms="9908">
      <class name="suite2.SauceDemoTest">
        <test-method is-config="true" signature="beforeTest()[pri:0, instance:suite2.SauceDemoTest@51c668e3]" started-at="2023-01-24T09:16:55 CST" name="beforeTest" finished-at="2023-01-24T09:17:01 CST" duration-ms="6388" status="PASS">
          <reporter-output>
          </reporter-output>
        </test-method> <!-- beforeTest -->
        <test-method signature="open()[pri:0, instance:suite2.SauceDemoTest@51c668e3]" started-at="2023-01-24T09:17:01 CST" name="open" finished-at="2023-01-24T09:17:03 CST" duration-ms="1795" status="PASS">
          <reporter-output>
          </reporter-output>
        </test-method> <!-- open -->
        <test-method signature="login()[pri:1, instance:suite2.SauceDemoTest@51c668e3]" started-at="2023-01-24T09:17:03 CST" name="login" finished-at="2023-01-24T09:17:04 CST" duration-ms="887" status="FAIL">
          <exception class="org.openqa.selenium.InvalidSelectorException">
            <message>
              <![CDATA[Compound class names not permitted
For documentation on this error, please visit: https://selenium.dev/exceptions/#invalid_selector_exception
Build info: version: '4.7.2', revision: '4d4020c3b7'
System info: os.name: 'Windows 11', os.arch: 'amd64', os.version: '10.0', java.version: '17.0.5'
Driver info: driver.version: unknown]]>
            </message>
            <full-stacktrace>
              <![CDATA[org.openqa.selenium.InvalidSelectorException: Compound class names not permitted
For documentation on this error, please visit: https://selenium.dev/exceptions/#invalid_selector_exception
Build info: version: '4.7.2', revision: '4d4020c3b7'
System info: os.name: 'Windows 11', os.arch: 'amd64', os.version: '10.0', java.version: '17.0.5'
Driver info: driver.version: unknown
at org.openqa.selenium.By$ByClassName.<init>(By.java:310)
at org.openqa.selenium.By.className(By.java:100)
at suite2.SauceDemoTest.login(SauceDemoTest.java:60)
at java.base/jdk.internal.reflect.NativeMethodAccessorImpl.invoke0(Native Method)
at java.base/jdk.internal.reflect.NativeMethodAccessorImpl.invoke(NativeMethodAccessorImpl.java:77)
at java.base/jdk.internal.reflect.DelegatingMethodAccessorImpl.invoke(DelegatingMethodAccessorImpl.java:43)
at java.base/java.lang.reflect.Method.invoke(Method.java:568)
at org.testng.internal.invokers.MethodInvocationHelper.invokeMethod(MethodInvocationHelper.java:139)
at org.testng.internal.invokers.TestInvoker.invokeMethod(TestInvoker.java:677)
at org.testng.internal.invokers.TestInvoker.invokeTestMethod(TestInvoker.java:221)
at org.testng.internal.invokers.MethodRunner.runInSequence(MethodRunner.java:50)
at org.testng.internal.invokers.TestInvoker$MethodInvocationAgent.invoke(TestInvoker.java:969)
at org.testng.internal.invokers.TestInvoker.invokeTestMethods(TestInvoker.java:194)
at org.testng.internal.invokers.TestMethodWorker.invokeTestMethods(TestMethodWorker.java:148)
at org.testng.internal.invokers.TestMethodWorker.run(TestMethodWorker.java:128)
at java.base/java.util.ArrayList.forEach(ArrayList.java:1511)
at org.testng.TestRunner.privateRun(TestRunner.java:829)
at org.testng.TestRunner.run(TestRunner.java:602)
at org.testng.SuiteRunner.runTest(SuiteRunner.java:437)
at org.testng.SuiteRunner.runSequentially(SuiteRunner.java:431)
at org.testng.SuiteRunner.privateRun(SuiteRunner.java:391)
at org.testng.SuiteRunner.run(SuiteRunner.java:330)
at org.testng.SuiteRunnerWorker.runSuite(SuiteRunnerWorker.java:52)
at org.testng.SuiteRunnerWorker.run(SuiteRunnerWorker.java:95)
at org.testng.TestNG.runSuitesSequentially(TestNG.java:1256)
at org.testng.TestNG.runSuitesLocally(TestNG.java:1176)
at org.testng.TestNG.runSuites(TestNG.java:1099)
at org.testng.TestNG.run(TestNG.java:1067)
at org.testng.remote.AbstractRemoteTestNG.run(AbstractRemoteTestNG.java:115)
at org.testng.remote.RemoteTestNG.initAndRun(RemoteTestNG.java:251)
at org.testng.remote.RemoteTestNG.main(RemoteTestNG.java:77)
]]>
            </full-stacktrace>
          </exception> <!-- org.openqa.selenium.InvalidSelectorException -->
          <reporter-output>
          </reporter-output>
        </test-method> <!-- login -->
        <test-method is-config="true" signature="afterTest()[pri:0, instance:suite2.SauceDemoTest@51c668e3]" started-at="2023-01-24T09:17:04 CST" name="afterTest" finished-at="2023-01-24T09:17:05 CST" duration-ms="659" status="PASS">
          <reporter-output>
          </reporter-output>
        </test-method> <!-- afterTest -->
      </class> <!-- suite2.SauceDemoTest -->
    </test> <!-- Default test -->
  </suite> <!-- Default suite -->
</testng-results>
